Messaging-Q/zxing/build/intermediates/manifest_merge_blame_file/debug/manifest-merger-blame-debug-report.txt
1<?xml version="1.0" encoding="utf-8"?>
2<!--
3 Copyright (C) 2008 ZXing authors
4
5 Licensed under the Apache License, Version 2.0 (the "License");
6 you may not use this file except in compliance with the License.
7 You may obtain a copy of the License at
8
9      http://www.apache.org/licenses/LICENSE-2.0
10
11 Unless required by applicable law or agreed to in writing, software
12 distributed under the License is distributed on an "AS IS" BASIS,
13 WITHOUT WARRANTIES OR CONDITIONS OF ANY KIND, either express or implied.
14 See the License for the specific language governing permissions and
15 limitations under the License.
16-->
17<manifest xmlns:android="http://schemas.android.com/apk/res/android"
18    package="com.google.zxing.client.android"
19    android:installLocation="auto"
20    android:versionCode="1"
21    android:versionName="1.0" >
22
23    <uses-sdk
24        android:minSdkVersion="21"
24-->src\main\AndroidManifest.xml
25        android:targetSdkVersion="28" />
25-->src\main\AndroidManifest.xml
26
27    <uses-permission android:name="android.permission.CAMERA" />
27-->src\main\AndroidManifest.xml:20:5-65
27-->src\main\AndroidManifest.xml:20:22-62
28    <uses-permission android:name="android.permission.INTERNET" />
28-->src\main\AndroidManifest.xml:21:5-67
28-->src\main\AndroidManifest.xml:21:22-64
29    <uses-permission android:name="android.permission.VIBRATE" />
29-->src\main\AndroidManifest.xml:22:5-66
29-->src\main\AndroidManifest.xml:22:22-63
30    <uses-permission android:name="android.permission.FLASHLIGHT" />
30-->src\main\AndroidManifest.xml:23:5-69
30-->src\main\AndroidManifest.xml:23:22-66
31    <uses-permission android:name="android.permission.READ_CONTACTS" />
31-->src\main\AndroidManifest.xml:24:5-72
31-->src\main\AndroidManifest.xml:24:22-69
32    <!-- unavailable in API 23 -->
33    <uses-permission android:name="com.android.browser.permission.READ_HISTORY_BOOKMARKS" />
33-->src\main\AndroidManifest.xml:26:5-93
33-->src\main\AndroidManifest.xml:26:22-90
34    <uses-permission android:name="android.permission.WRITE_EXTERNAL_STORAGE" />
34-->src\main\AndroidManifest.xml:27:5-81
34-->src\main\AndroidManifest.xml:27:22-78
35    <uses-permission android:name="android.permission.CHANGE_WIFI_STATE" />
35-->src\main\AndroidManifest.xml:28:5-76
35-->src\main\AndroidManifest.xml:28:22-73
36    <uses-permission android:name="android.permission.ACCESS_WIFI_STATE" />
36-->src\main\AndroidManifest.xml:29:5-76
36-->src\main\AndroidManifest.xml:29:22-73
37
38    <uses-feature android:name="android.hardware.camera.any" />
38-->src\main\AndroidManifest.xml:31:5-64
38-->src\main\AndroidManifest.xml:31:19-61
39    <uses-feature
39-->src\main\AndroidManifest.xml:32:5-34:36
40        android:name="android.hardware.camera.autofocus"
40-->src\main\AndroidManifest.xml:33:9-57
41        android:required="false" />
41-->src\main\AndroidManifest.xml:34:9-33
42    <uses-feature
42-->src\main\AndroidManifest.xml:35:5-37:36
43        android:name="android.hardware.camera.flash"
43-->src\main\AndroidManifest.xml:36:9-53
44        android:required="false" />
44-->src\main\AndroidManifest.xml:37:9-33
45    <uses-feature android:name="android.hardware.screen.landscape" />
45-->src\main\AndroidManifest.xml:38:5-70
45-->src\main\AndroidManifest.xml:38:19-67
46    <uses-feature
46-->src\main\AndroidManifest.xml:39:5-41:36
47        android:name="android.hardware.wifi"
47-->src\main\AndroidManifest.xml:40:9-45
48        android:required="false" />
48-->src\main\AndroidManifest.xml:41:9-33
49
50    <application>
50-->src\main\AndroidManifest.xml:43:5-103:19
51        <activity
51-->src\main\AndroidManifest.xml:44:9-102:20
52            android:name="com.google.zxing.client.android.CaptureActivity"
52-->src\main\AndroidManifest.xml:45:13-44
53            android:clearTaskOnLaunch="true"
53-->src\main\AndroidManifest.xml:46:13-45
54            android:stateNotNeeded="true"
54-->src\main\AndroidManifest.xml:47:13-42
55            android:theme="@style/ThemeNewui"
55-->src\main\AndroidManifest.xml:48:13-46
56            android:windowSoftInputMode="stateAlwaysHidden" >
56-->src\main\AndroidManifest.xml:49:13-60
57            <intent-filter>
57-->src\main\AndroidManifest.xml:50:13-53:29
58                <action android:name="com.google.zxing.client.android.SCAN" />
58-->src\main\AndroidManifest.xml:51:17-79
58-->src\main\AndroidManifest.xml:51:25-76
59
60                <category android:name="android.intent.category.DEFAULT" />
60-->src\main\AndroidManifest.xml:52:17-76
60-->src\main\AndroidManifest.xml:52:27-73
61            </intent-filter>
62            <!-- Allow web apps to launch Barcode Scanner by linking to http://zxing.appspot.com/scan. -->
63            <intent-filter>
63-->src\main\AndroidManifest.xml:55:13-65:29
64                <action android:name="android.intent.action.VIEW" />
64-->src\main\AndroidManifest.xml:56:17-69
64-->src\main\AndroidManifest.xml:56:25-66
65
66                <category android:name="android.intent.category.DEFAULT" />
66-->src\main\AndroidManifest.xml:52:17-76
66-->src\main\AndroidManifest.xml:52:27-73
67                <category android:name="android.intent.category.BROWSABLE" />
67-->src\main\AndroidManifest.xml:59:17-78
67-->src\main\AndroidManifest.xml:59:27-75
68
69                <data
69-->src\main\AndroidManifest.xml:61:17-64:45
70                    android:host="zxing.appspot.com"
70-->src\main\AndroidManifest.xml:62:21-53
71                    android:path="/scan"
71-->src\main\AndroidManifest.xml:63:21-41
72                    android:scheme="http" />
72-->src\main\AndroidManifest.xml:64:21-42
73            </intent-filter>
74            <!-- We also support a Google Product Search URL. -->
75            <intent-filter>
75-->src\main\AndroidManifest.xml:67:13-77:29
76                <action android:name="android.intent.action.VIEW" />
76-->src\main\AndroidManifest.xml:56:17-69
76-->src\main\AndroidManifest.xml:56:25-66
77
78                <category android:name="android.intent.category.DEFAULT" />
78-->src\main\AndroidManifest.xml:52:17-76
78-->src\main\AndroidManifest.xml:52:27-73
79                <category android:name="android.intent.category.BROWSABLE" />
79-->src\main\AndroidManifest.xml:59:17-78
79-->src\main\AndroidManifest.xml:59:27-75
80
81                <data
81-->src\main\AndroidManifest.xml:61:17-64:45
82                    android:host="www.google.com"
82-->src\main\AndroidManifest.xml:62:21-53
83                    android:path="/m/products/scan"
83-->src\main\AndroidManifest.xml:63:21-41
84                    android:scheme="http" />
84-->src\main\AndroidManifest.xml:64:21-42
85            </intent-filter>
86            <!-- And the UK version. -->
87            <intent-filter>
87-->src\main\AndroidManifest.xml:79:13-89:29
88                <action android:name="android.intent.action.VIEW" />
88-->src\main\AndroidManifest.xml:56:17-69
88-->src\main\AndroidManifest.xml:56:25-66
89
90                <category android:name="android.intent.category.DEFAULT" />
90-->src\main\AndroidManifest.xml:52:17-76
90-->src\main\AndroidManifest.xml:52:27-73
91                <category android:name="android.intent.category.BROWSABLE" />
91-->src\main\AndroidManifest.xml:59:17-78
91-->src\main\AndroidManifest.xml:59:27-75
92
93                <data
93-->src\main\AndroidManifest.xml:61:17-64:45
94                    android:host="www.google.co.uk"
94-->src\main\AndroidManifest.xml:62:21-53
95                    android:path="/m/products/scan"
95-->src\main\AndroidManifest.xml:63:21-41
96                    android:scheme="http" />
96-->src\main\AndroidManifest.xml:64:21-42
97            </intent-filter>
98            <!-- Support zxing://scan/?... like iPhone app -->
99            <intent-filter>
99-->src\main\AndroidManifest.xml:91:13-101:29
100                <action android:name="android.intent.action.VIEW" />
100-->src\main\AndroidManifest.xml:56:17-69
100-->src\main\AndroidManifest.xml:56:25-66
101
102                <category android:name="android.intent.category.DEFAULT" />
102-->src\main\AndroidManifest.xml:52:17-76
102-->src\main\AndroidManifest.xml:52:27-73
103                <category android:name="android.intent.category.BROWSABLE" />
103-->src\main\AndroidManifest.xml:59:17-78
103-->src\main\AndroidManifest.xml:59:27-75
104
105                <data
105-->src\main\AndroidManifest.xml:61:17-64:45
106                    android:host="scan"
106-->src\main\AndroidManifest.xml:62:21-53
107                    android:path="/"
107-->src\main\AndroidManifest.xml:63:21-41
108                    android:scheme="zxing" />
108-->src\main\AndroidManifest.xml:64:21-42
109            </intent-filter>
110        </activity>
111    </application>
112
113</manifest>